2015-02-18 22:23:06 INFO  UniRepo:68 - SELECT * FROM T_Kraj DONE!
2015-02-18 22:23:06 INFO  Skuska1:50 - DELLKA kraj: 3
2015-02-18 22:23:06 INFO  UniRepo:68 - SELECT * FROM T_Act_Classification DONE!
2015-02-18 22:23:06 INFO  Skuska1:55 - DELLKA: act_cl:8
2015-02-18 22:23:06 INFO  UniRepo:68 - SELECT * FROM T_Location DONE!
2015-02-18 22:23:06 INFO  Skuska1:60 - DELLKA location: 9
2015-02-18 22:23:06 INFO  UniRepo:68 - SELECT * FROM T_Okres DONE!
2015-02-18 22:23:06 INFO  Skuska1:64 - DELLKA okres: 14
2015-02-18 22:23:06 INFO  UniRepo:68 - SELECT * FROM T_Person_Classification DONE!
2015-02-18 22:23:06 INFO  Skuska1:68 - DELLKA: per_clas:5
2015-02-18 22:23:06 INFO  UniRepo:68 - SELECT * FROM T_Public_Body DONE!
2015-02-18 22:23:06 INFO  Skuska1:72 - DELLKA: pub_body6
2015-02-18 22:23:06 INFO  UniRepo:68 - SELECT * FROM T_Public_Person DONE!
2015-02-18 22:23:06 INFO  Skuska1:76 - DELLKA pub_person: 5
2015-02-18 22:23:06 INFO  UniRepo:68 - SELECT * FROM T_Public_Role DONE!
2015-02-18 22:23:06 INFO  Skuska1:80 - DELLKA pub_role: 5
2015-02-18 22:23:06 INFO  UniRepo:68 - SELECT * FROM T_Role DONE!
2015-02-18 22:23:06 INFO  Skuska1:84 - DELLKA role: 4
2015-02-18 22:23:06 INFO  UniRepo:68 - SELECT * FROM T_Subject DONE!
2015-02-18 22:23:06 INFO  Skuska1:88 - DELLKA subject: 4
2015-02-18 22:23:06 INFO  UniRepo:68 - SELECT * FROM T_Tenure DONE!
2015-02-18 22:23:06 INFO  Skuska1:92 - DELLKA tenure: 6
2015-02-18 22:23:06 INFO  UniRepo:68 - SELECT * FROM T_Theme DONE!
2015-02-18 22:23:06 INFO  Skuska1:96 - DELLKA theme: 6
2015-02-18 22:23:06 INFO  UniRepo:68 - SELECT * FROM T_User DONE!
2015-02-18 22:23:06 INFO  Skuska1:100 - DELLKA user: 3
2015-02-18 22:23:06 INFO  UniRepo:68 - SELECT * FROM T_Vote DONE!
2015-02-18 22:23:06 INFO  Skuska1:104 - DELLKA vote: 4
2015-02-18 22:23:06 INFO  UniRepo:68 - SELECT * FROM T_Vote_Of_Role DONE!
2015-02-18 22:23:06 INFO  Skuska1:108 - DELLKA vot_of_role: 20
