[INFO] Scanning for projects...
[INFO]                                                                         
[INFO] ------------------------------------------------------------------------
[INFO] Building kosvopo6 1.0-SNAPSHOT
[INFO] ------------------------------------------------------------------------
[INFO] 
[INFO] --- maven-clean-plugin:2.4.1:clean (default-clean) @ kosvopo6 ---
[INFO] Deleting c:\Users\stefan\Desktop\kosvopo6\target
[INFO] Deleting c:\Users\stefan\Desktop\kosvopo6\src\main\webapp\VAADIN\widgetsets (includes = [], excludes = [])
[INFO] 
[INFO] --- vaadin-maven-plugin:7.5.9:clean (default) @ kosvopo6 ---
[INFO] auto discovered modules [sk.stefan.ui.AppWidgetSet]
[INFO] 
[INFO] --- maven-resources-plugin:2.6:resources (default-resources) @ kosvopo6 ---
[INFO] Using 'UTF-8' encoding to copy filtered resources.
[INFO] Copying 82 resources
[INFO] Copying 1 resource
[INFO] 
[INFO] --- vaadin-maven-plugin:7.5.9:resources (default) @ kosvopo6 ---
[INFO] auto discovered modules [sk.stefan.ui.AppWidgetSet]
[INFO] 1 source files from GWT module sk.stefan.ui.AppWidgetSet
[INFO] 
[INFO] --- maven-compiler-plugin:3.0:compile (default-compile) @ kosvopo6 ---
[INFO] Changes detected - recompiling the module!
[INFO] Compiling 149 source files to c:\Users\stefan\Desktop\kosvopo6\target\classes
[WARNING] /c:/Users/stefan/Desktop/kosvopo6/src/main/java/sk/stefan/utils/VaadinUtils.java:[3,47] com.sun.corba.se.impl.legacy.connection.USLPort is internal proprietary API and may be removed in a future release
[WARNING] /c:/Users/stefan/Desktop/kosvopo6/src/main/java/sk/stefan/utils/VaadinUtils.java:[3,47] com.sun.corba.se.impl.legacy.connection.USLPort is internal proprietary API and may be removed in a future release
[WARNING] /c:/Users/stefan/Desktop/kosvopo6/src/main/java/sk/stefan/utils/VaadinUtils.java:[3,47] com.sun.corba.se.impl.legacy.connection.USLPort is internal proprietary API and may be removed in a future release
[WARNING] /c:/Users/stefan/Desktop/kosvopo6/src/main/java/sk/stefan/utils/VaadinUtils.java:[3,47] com.sun.corba.se.impl.legacy.connection.USLPort is internal proprietary API and may be removed in a future release
[WARNING] /c:/Users/stefan/Desktop/kosvopo6/src/main/java/sk/stefan/listeners/SaveListener.java: Some input files use unchecked or unsafe operations.
[WARNING] /c:/Users/stefan/Desktop/kosvopo6/src/main/java/sk/stefan/listeners/SaveListener.java: Recompile with -Xlint:unchecked for details.
[INFO] 
[INFO] --- maven-resources-plugin:2.6:testResources (default-testResources) @ kosvopo6 ---
[INFO] Using 'UTF-8' encoding to copy filtered resources.
[INFO] skip non existing resourceDirectory c:\Users\stefan\Desktop\kosvopo6\src\test\resources
[INFO] 
[INFO] --- maven-compiler-plugin:3.0:testCompile (default-testCompile) @ kosvopo6 ---
[INFO] Changes detected - recompiling the module!
[INFO] Compiling 1 source file to c:\Users\stefan\Desktop\kosvopo6\target\test-classes
[INFO] 
[INFO] --- maven-surefire-plugin:2.17:test (default-test) @ kosvopo6 ---
[INFO] 
[INFO] >>> vaadin-maven-plugin:7.5.9:compile (default) > process-resources @ kosvopo6 >>>
[INFO] 
[INFO] --- maven-resources-plugin:2.6:resources (default-resources) @ kosvopo6 ---
[INFO] Using 'UTF-8' encoding to copy filtered resources.
[INFO] Copying 82 resources
[INFO] Copying 1 resource
[INFO] 
[INFO] --- vaadin-maven-plugin:7.5.9:resources (default) @ kosvopo6 ---
[INFO] auto discovered modules [sk.stefan.ui.AppWidgetSet]
[INFO] 1 source files from GWT module sk.stefan.ui.AppWidgetSet
[INFO] 
[INFO] <<< vaadin-maven-plugin:7.5.9:compile (default) < process-resources @ kosvopo6 <<<
[INFO] 
[INFO] --- vaadin-maven-plugin:7.5.9:compile (default) @ kosvopo6 ---
[INFO] auto discovered modules [sk.stefan.ui.AppWidgetSet]
[INFO] Compiling module sk.stefan.ui.AppWidgetSet
[ERROR] 
[ERROR] 
[ERROR] 
[ERROR] 
[ERROR] ----------------------------------------------------------------------------------------------------------------------
[ERROR] License for Vaadin Charts 2 not found. Go to vaadin.com/pro for more details.
[ERROR] ----------------------------------------------------------------------------------------------------------------------
[ERROR] 
[ERROR] 
[ERROR] 
[ERROR] 
[INFO] ------------------------------------------------------------------------
[INFO] BUILD FAILURE
[INFO] ------------------------------------------------------------------------
[INFO] Total time: 42.781 s
[INFO] Finished at: 2016-07-10T00:44:26+02:00
[INFO] Final Memory: 36M/362M
[INFO] ------------------------------------------------------------------------
[ERROR] Failed to execute goal com.vaadin:vaadin-maven-plugin:7.5.9:compile (default) on project kosvopo6: Command [[
[ERROR] c:\Program Files\Java\jdk1.8.0_31\jre\bin\java -Xmx512M -Xss1024k -classpath c:\Users\stefan\Desktop\kosvopo6\target\classes;c:\Users\stefan\Desktop\kosvopo6\src\main\java;c:\Users\stefan\Desktop\kosvopo6\src\main\resources;c:\Users\stefan\Desktop\kosvopo6\src\main\resources\db\prod;C:\Users\stefan\.m2\repository\javax\servlet\javax.servlet-api\3.1.0\javax.servlet-api-3.1.0.jar;C:\Users\stefan\.m2\repository\com\vaadin\vaadin-server\7.5.9\vaadin-server-7.5.9.jar;C:\Users\stefan\.m2\repository\com\vaadin\vaadin-sass-compiler\0.9.12\vaadin-sass-compiler-0.9.12.jar;C:\Users\stefan\.m2\repository\com\vaadin\external\flute\flute\1.3.0.gg2\flute-1.3.0.gg2.jar;C:\Users\stefan\.m2\repository\com\vaadin\vaadin-shared\7.5.9\vaadin-shared-7.5.9.jar;C:\Users\stefan\.m2\repository\com\vaadin\external\streamhtmlparser\streamhtmlparser-jsilver\0.0.10.vaadin1\streamhtmlparser-jsilver-0.0.10.vaadin1.jar;C:\Users\stefan\.m2\repository\com\vaadin\external\google\guava\16.0.1.vaadin1\guava-16.0.1.vaadin1.jar;C:\Users\stefan\.m2\repository\org\jsoup\jsoup\1.8.1\jsoup-1.8.1.jar;C:\Users\stefan\.m2\repository\com\vaadin\addon\vaadin-charts\2.0.0\vaadin-charts-2.0.0.jar;C:\Users\stefan\.m2\repository\com\google\code\gson\gson\2.3.1\gson-2.3.1.jar;C:\Users\stefan\.m2\repository\commons-io\commons-io\1.4\commons-io-1.4.jar;C:\Users\stefan\.m2\repository\org\vaadin\addons\dcharts-widget\1.7.0\dcharts-widget-1.7.0.jar;C:\Users\stefan\.m2\repository\org\apache\commons\commons-lang3\3.4\commons-lang3-3.4.jar;C:\Users\stefan\.m2\repository\com\vaadin\vaadin-client-compiler\7.5.9\vaadin-client-compiler-7.5.9.jar;C:\Users\stefan\.m2\repository\commons-collections\commons-collections\3.2.1\commons-collections-3.2.1.jar;C:\Users\stefan\.m2\repository\commons-logging\commons-logging\1.1.3\commons-logging-1.1.3.jar;C:\Users\stefan\.m2\repository\ant\ant\1.6.5\ant-1.6.5.jar;C:\Users\stefan\.m2\repository\net\sourceforge\cssparser\cssparser\0.9.11\cssparser-0.9.11.jar;C:\Users\stefan\.m2\repository\ant\ant-launcher\1.6.5\ant-launcher-1.6.5.jar;C:\Users\stefan\.m2\repository\org\ow2\asm\asm\5.0.3\asm-5.0.3.jar;C:\Users\stefan\.m2\repository\org\ow2\asm\asm-util\5.0.3\asm-util-5.0.3.jar;C:\Users\stefan\.m2\repository\org\ow2\asm\asm-tree\5.0.3\asm-tree-5.0.3.jar;C:\Users\stefan\.m2\repository\org\ow2\asm\asm-commons\5.0.3\asm-commons-5.0.3.jar;C:\Users\stefan\.m2\repository\org\eclipse\jetty\jetty-annotations\9.2.13.v20150730\jetty-annotations-9.2.13.v20150730.jar;C:\Users\stefan\.m2\repository\org\eclipse\jetty\jetty-plus\9.2.13.v20150730\jetty-plus-9.2.13.v20150730.jar;C:\Users\stefan\.m2\repository\org\eclipse\jetty\jetty-jndi\9.2.13.v20150730\jetty-jndi-9.2.13.v20150730.jar;C:\Users\stefan\.m2\repository\org\eclipse\jetty\jetty-webapp\9.2.13.v20150730\jetty-webapp-9.2.13.v20150730.jar;C:\Users\stefan\.m2\repository\org\eclipse\jetty\jetty-xml\9.2.13.v20150730\jetty-xml-9.2.13.v20150730.jar;C:\Users\stefan\.m2\repository\org\eclipse\jetty\jetty-servlet\9.2.13.v20150730\jetty-servlet-9.2.13.v20150730.jar;C:\Users\stefan\.m2\repository\org\eclipse\jetty\jetty-security\9.2.13.v20150730\jetty-security-9.2.13.v20150730.jar;C:\Users\stefan\.m2\repository\org\eclipse\jetty\jetty-server\9.2.13.v20150730\jetty-server-9.2.13.v20150730.jar;C:\Users\stefan\.m2\repository\javax\annotation\javax.annotation-api\1.2\javax.annotation-api-1.2.jar;C:\Users\stefan\.m2\repository\org\eclipse\jetty\jetty-servlets\9.2.13.v20150730\jetty-servlets-9.2.13.v20150730.jar;C:\Users\stefan\.m2\repository\org\eclipse\jetty\jetty-continuation\9.2.13.v20150730\jetty-continuation-9.2.13.v20150730.jar;C:\Users\stefan\.m2\repository\org\eclipse\jetty\jetty-http\9.2.13.v20150730\jetty-http-9.2.13.v20150730.jar;C:\Users\stefan\.m2\repository\org\eclipse\jetty\jetty-io\9.2.13.v20150730\jetty-io-9.2.13.v20150730.jar;C:\Users\stefan\.m2\repository\org\eclipse\jetty\jetty-util\9.2.13.v20150730\jetty-util-9.2.13.v20150730.jar;C:\Users\stefan\.m2\repository\org\jdesktop\swing-worker\1.1\swing-worker-1.1.jar;C:\Users\stefan\.m2\repository\commons-codec\commons-codec\1.8\commons-codec-1.8.jar;C:\Users\stefan\.m2\repository\org\apache\james\apache-mime4j\0.6\apache-mime4j-0.6.jar;C:\Users\stefan\.m2\repository\org\apache\httpcomponents\httpclient\4.3.6\httpclient-4.3.6.jar;C:\Users\stefan\.m2\repository\org\apache\httpcomponents\httpcore\4.3\httpcore-4.3.jar;C:\Users\stefan\.m2\repository\org\apache\httpcomponents\httpmime\4.3.6\httpmime-4.3.6.jar;C:\Users\stefan\.m2\repository\net\sourceforge\nekohtml\nekohtml\1.9.19\nekohtml-1.9.19.jar;C:\Users\stefan\.m2\repository\xalan\serializer\2.7.1\serializer-2.7.1.jar;C:\Users\stefan\.m2\repository\xerces\xercesImpl\2.11.0\xercesImpl-2.11.0.jar;C:\Users\stefan\.m2\repository\xml-apis\xml-apis\1.4.01\xml-apis-1.4.01.jar;C:\Users\stefan\.m2\repository\com\ibm\icu\icu4j\50.1.1\icu4j-50.1.1.jar;C:\Users\stefan\.m2\repository\com\vaadin\vaadin-client-compiler-deps\1.2.0\vaadin-client-compiler-deps-1.2.0.jar;C:\Users\stefan\.m2\repository\com\vaadin\vaadin-client\7.5.9\vaadin-client-7.5.9.jar;C:\Users\stefan\.m2\repository\org\w3c\css\sac\1.3\sac-1.3.jar;C:\Users\stefan\.m2\repository\javax\validation\validation-api\1.0.0.GA\validation-api-1.0.0.GA.jar;C:\Users\stefan\.m2\repository\javax\validation\validation-api\1.0.0.GA\validation-api-1.0.0.GA-sources.jar;C:\Users\stefan\.m2\repository\com\vaadin\vaadin-push\7.5.9\vaadin-push-7.5.9.jar;C:\Users\stefan\.m2\repository\com\vaadin\external\atmosphere\atmosphere-runtime\2.2.7.vaadin1\atmosphere-runtime-2.2.7.vaadin1.jar;C:\Users\stefan\.m2\repository\com\vaadin\external\slf4j\vaadin-slf4j-jdk14\1.6.1\vaadin-slf4j-jdk14-1.6.1.jar;C:\Users\stefan\.m2\repository\com\vaadin\vaadin-themes\7.5.9\vaadin-themes-7.5.9.jar;C:\Users\stefan\.m2\repository\com\vaadin\vaadin-spring-boot\1.0.0.beta1\vaadin-spring-boot-1.0.0.beta1.jar;C:\Users\stefan\.m2\repository\com\vaadin\vaadin-spring\1.0.0.beta1\vaadin-spring-1.0.0.beta1.jar;C:\Users\stefan\.m2\repository\org\springframework\spring-web\4.1.8.RELEASE\spring-web-4.1.8.RELEASE.jar;C:\Users\stefan\.m2\repository\org\springframework\spring-aop\4.1.8.RELEASE\spring-aop-4.1.8.RELEASE.jar;C:\Users\stefan\.m2\repository\aopalliance\aopalliance\1.0\aopalliance-1.0.jar;C:\Users\stefan\.m2\repository\org\springframework\spring-beans\4.1.8.RELEASE\spring-beans-4.1.8.RELEASE.jar;C:\Users\stefan\.m2\repository\org\springframework\spring-context\4.1.8.RELEASE\spring-context-4.1.8.RELEASE.jar;C:\Users\stefan\.m2\repository\org\slf4j\slf4j-api\1.7.12\slf4j-api-1.7.12.jar;C:\Users\stefan\.m2\repository\org\springframework\boot\spring-boot-starter-web\1.2.7.RELEASE\spring-boot-starter-web-1.2.7.RELEASE.jar;C:\Users\stefan\.m2\repository\org\springframework\boot\spring-boot-starter\1.2.7.RELEASE\spring-boot-starter-1.2.7.RELEASE.jar;C:\Users\stefan\.m2\repository\org\springframework\boot\spring-boot\1.2.7.RELEASE\spring-boot-1.2.7.RELEASE.jar;C:\Users\stefan\.m2\repository\org\springframework\boot\spring-boot-autoconfigure\1.2.7.RELEASE\spring-boot-autoconfigure-1.2.7.RELEASE.jar;C:\Users\stefan\.m2\repository\org\springframework\boot\spring-boot-starter-logging\1.2.7.RELEASE\spring-boot-starter-logging-1.2.7.RELEASE.jar;C:\Users\stefan\.m2\repository\org\slf4j\jcl-over-slf4j\1.7.12\jcl-over-slf4j-1.7.12.jar;C:\Users\stefan\.m2\repository\org\slf4j\jul-to-slf4j\1.7.12\jul-to-slf4j-1.7.12.jar;C:\Users\stefan\.m2\repository\org\slf4j\log4j-over-slf4j\1.7.12\log4j-over-slf4j-1.7.12.jar;C:\Users\stefan\.m2\repository\ch\qos\logback\logback-classic\1.1.3\logback-classic-1.1.3.jar;C:\Users\stefan\.m2\repository\ch\qos\logback\logback-core\1.1.3\logback-core-1.1.3.jar;C:\Users\stefan\.m2\repository\com\fasterxml\jackson\core\jackson-databind\2.4.6\jackson-databind-2.4.6.jar;C:\Users\stefan\.m2\repository\com\fasterxml\jackson\core\jackson-annotations\2.4.6\jackson-annotations-2.4.6.jar;C:\Users\stefan\.m2\repository\com\fasterxml\jackson\core\jackson-core\2.4.6\jackson-core-2.4.6.jar;C:\Users\stefan\.m2\repository\org\springframework\spring-core\4.1.8.RELEASE\spring-core-4.1.8.RELEASE.jar;C:\Users\stefan\.m2\repository\org\springframework\spring-webmvc\4.1.8.RELEASE\spring-webmvc-4.1.8.RELEASE.jar;C:\Users\stefan\.m2\repository\org\springframework\spring-expression\4.1.8.RELEASE\spring-expression-4.1.8.RELEASE.jar;C:\Users\stefan\.m2\repository\com\vaadin\addon\jpacontainer\3.1.1\jpacontainer-3.1.1.jar;C:\Users\stefan\.m2\repository\log4j\log4j\1.2.17\log4j-1.2.17.jar;C:\Users\stefan\.m2\repository\org\hamcrest\hamcrest-core\1.3\hamcrest-core-1.3.jar;C:\Users\stefan\.m2\repository\mysql\mysql-connector-java\5.1.6\mysql-connector-java-5.1.6.jar;C:\Users\stefan\.m2\repository\org\yaml\snakeyaml\1.14\snakeyaml-1.14.jar;C:\Users\stefan\.m2\repository\org\projectlombok\lombok\1.16.8\lombok-1.16.8.jar;C:\Users\stefan\.m2\repository\com\vaadin\vaadin-client\7.5.9\vaadin-client-7.5.9.jar;C:\Users\stefan\.m2\repository\com\vaadin\vaadin-client-compiler\7.5.9\vaadin-client-compiler-7.5.9.jar -Dgwt.persistentunitcachedir=c:\Users\stefan\Desktop\kosvopo6\target com.google.gwt.dev.Compiler -logLevel INFO -style OBF -war c:\Users\stefan\Desktop\kosvopo6\src\main\webapp\VAADIN\widgetsets -localWorkers 4 -strict -XfragmentCount -1 -deploy c:\Users\stefan\Desktop\kosvopo6\target\gwt-deploy -gen c:\Users\stefan\Desktop\kosvopo6\target\.generated sk.stefan.ui.AppWidgetSet
[ERROR] ]] failed with status 1
[ERROR] -> [Help 1]
[ERROR] 
[ERROR] To see the full stack trace of the errors, re-run Maven with the -e switch.
[ERROR] Re-run Maven using the -X switch to enable full debug logging.
[ERROR] 
[ERROR] For more information about the errors and possible solutions, please read the following articles:
[ERROR] [Help 1] http://cwiki.apache.org/confluence/display/MAVEN/MojoExecutionException
